<?xml version="1.0" encoding="UTF-8" ?>
<testsuite tests="8" failures="1" name="TestSuite" time="17.33" errors="0" skipped="7">
  <properties>
[...]
</properties>
  <testcase classname="com.licious.tests.MDOCTest" name="setUp" time="8.567">
    <failure message="Invalid server instance exception has occured: There is no installed nodes! Please install node via NPM (https://www.npmjs.com/package/appium#using-node-js) or download and install Appium app (http://appium.io/downloads.html)" type="io.appium.java_client.service.local.InvalidServerInstanceException">io.appium.java_client.service.local.InvalidServerInstanceException: Invalid server instance exception has occured: There is no installed nodes! Please install node via NPM (https://www.npmjs.com/package/appium#using-node-js) or download and install Appium app (http://appium.io/downloads.html)
	at io.appium.java_client.service.local.AppiumServiceBuilder.findNodeInCurrentFileSystem(AppiumServiceBuilder.java:156)
	at io.appium.java_client.service.local.AppiumServiceBuilder.checkAppiumJS(AppiumServiceBuilder.java:317)
	at io.appium.java_client.service.local.AppiumServiceBuilder.createArgs(AppiumServiceBuilder.java:397)
	at org.openqa.selenium.remote.service.DriverService$Builder.build(DriverService.java:358)
	at io.appium.java_client.service.local.AppiumDriverLocalService.buildService(AppiumDriverLocalService.java:71)
	at com.licious.genericlib.BaseTest.setUp(BaseTest.java:63)
	at sun.reflect.NativeMethodAccessorImpl.invoke0(Native Method)
	at sun.reflect.NativeMethodAccessorImpl.invoke(NativeMethodAccessorImpl.java:62)
	at sun.reflect.DelegatingMethodAccessorImpl.invoke(DelegatingMethodAccessorImpl.java:43)
	at java.lang.reflect.Method.invoke(Method.java:498)
	at org.testng.internal.MethodInvocationHelper.invokeMethod(MethodInvocationHelper.java:86)
	at org.testng.internal.Invoker.invokeConfigurationMethod(Invoker.java:514)
	at org.testng.internal.Invoker.invokeConfigurations(Invoker.java:215)
	at org.testng.internal.Invoker.invokeConfigurations(Invoker.java:142)
	at org.testng.SuiteRunner.privateRun(SuiteRunner.java:305)
	at org.testng.SuiteRunner.run(SuiteRunner.java:268)
	at org.testng.SuiteRunnerWorker.runSuite(SuiteRunnerWorker.java:52)
	at org.testng.SuiteRunnerWorker.run(SuiteRunnerWorker.java:86)
	at org.testng.TestNG.runSuitesSequentially(TestNG.java:1244)
	at org.testng.TestNG.runSuitesLocally(TestNG.java:1169)
	at org.testng.TestNG.run(TestNG.java:1064)
	at org.apache.maven.surefire.testng.TestNGExecutor.run(TestNGExecutor.java:77)
	at org.apache.maven.surefire.testng.TestNGDirectoryTestSuite.executeMulti(TestNGDirectoryTestSuite.java:159)
	at org.apache.maven.surefire.testng.TestNGDirectoryTestSuite.execute(TestNGDirectoryTestSuite.java:99)
	at org.apache.maven.surefire.testng.TestNGProvider.invoke(TestNGProvider.java:106)
	at sun.reflect.NativeMethodAccessorImpl.invoke0(Native Method)
	at sun.reflect.NativeMethodAccessorImpl.invoke(NativeMethodAccessorImpl.java:62)
	at sun.reflect.DelegatingMethodAccessorImpl.invoke(DelegatingMethodAccessorImpl.java:43)
	at java.lang.reflect.Method.invoke(Method.java:498)
	at org.apache.maven.surefire.util.ReflectionUtils.invokeMethodWithArray(ReflectionUtils.java:189)
	at org.apache.maven.surefire.booter.ProviderFactory$ProviderProxy.invoke(ProviderFactory.java:165)
	at org.apache.maven.surefire.booter.ProviderFactory.invokeProvider(ProviderFactory.java:85)
	at org.apache.maven.surefire.booter.ForkedBooter.runSuitesInProcess(ForkedBooter.java:115)
	at org.apache.maven.surefire.booter.ForkedBooter.main(ForkedBooter.java:75)
Caused by: java.io.IOException: C:\Windows\system32\config\systemprofile\AppData\Roaming\npm\node_modules

	at io.appium.java_client.service.local.AppiumServiceBuilder.findNodeInCurrentFileSystem(AppiumServiceBuilder.java:157)
	... 33 more
Caused by: java.io.IOException: C:\Windows\system32\config\systemprofile\AppData\Roaming\npm\node_modules

	at io.appium.java_client.service.local.AppiumServiceBuilder.findNodeInCurrentFileSystem(AppiumServiceBuilder.java:157)
	... 33 more
</failure>
    <system-out>Configuring TestNG with: org.apache.maven.surefire.testng.conf.TestNG652Configurator@16f65612
</system-out>
  </testcase>
  <testcase classname="com.licious.tests.MDOCTest" name="beforeMethod" time="8.57">
    <skipped/>
  </testcase>
  <testcase classname="com.licious.tests.MDOCTest" name="createOrder" time="0">
    <skipped/>
    <system-out>createOrderTest is started
createOrderTest is Skipped
</system-out>
  </testcase>
  <testcase classname="com.licious.tests.MDOCTest" name="afterMethod" time="0">
    <skipped/>
  </testcase>
  <testcase classname="com.licious.tests.SampleTest" name="beforeMethod" time="0.001">
    <skipped/>
  </testcase>
  <testcase classname="com.licious.tests.SampleTest" name="Testing" time="0">
    <skipped/>
    <system-out>TestingTest is started
TestingTest is Skipped
</system-out>
  </testcase>
  <testcase classname="com.licious.tests.SampleTest" name="afterMethod" time="0">
    <skipped/>
  </testcase>
  <testcase classname="com.licious.tests.MDOCTest" name="tearDown" time="0.192">
    <skipped/>
  </testcase>
</testsuite>